android/build/intermediates/manifest_merge_blame_file/debug/manifest-merger-blame-debug-report.txt
1<?xml version="1.0" encoding="utf-8"?>
2<manifest xmlns:android="http://schemas.android.com/apk/res/android"
3    package="com.game"
4    android:versionCode="1"
5    android:versionName="1.0" >
6
7    <uses-sdk
8        android:minSdkVersion="14"
8-->UTN-Survivor\android\AndroidManifest.xml
9        android:targetSdkVersion="33" />
9-->UTN-Survivor\android\AndroidManifest.xml
10
11    <uses-feature
11-->UTN-Survivor\android\AndroidManifest.xml:5:5-78
12        android:glEsVersion="0x00020000"
12-->UTN-Survivor\android\AndroidManifest.xml:5:19-51
13        android:required="true" />
13-->UTN-Survivor\android\AndroidManifest.xml:5:52-75
14
15    <application
15-->UTN-Survivor\android\AndroidManifest.xml:7:5-26:19
16        android:allowBackup="true"
16-->UTN-Survivor\android\AndroidManifest.xml:8:9-35
17        android:appCategory="game"
17-->UTN-Survivor\android\AndroidManifest.xml:12:9-35
18        android:debuggable="true"
19        android:fullBackupContent="true"
19-->UTN-Survivor\android\AndroidManifest.xml:9:9-41
20        android:icon="@drawable/ic_launcher"
20-->UTN-Survivor\android\AndroidManifest.xml:10:9-45
21        android:isGame="true"
21-->UTN-Survivor\android\AndroidManifest.xml:11:9-30
22        android:label="@string/app_name"
22-->UTN-Survivor\android\AndroidManifest.xml:13:9-41
23        android:testOnly="true" >
24        <activity
24-->UTN-Survivor\android\AndroidManifest.xml:15:9-25:20
25            android:name="com.game.AndroidLauncher"
25-->UTN-Survivor\android\AndroidManifest.xml:16:13-52
26            android:configChanges="keyboard|keyboardHidden|navigation|orientation|screenSize|screenLayout"
26-->UTN-Survivor\android\AndroidManifest.xml:19:13-107
27            android:exported="true"
27-->UTN-Survivor\android\AndroidManifest.xml:20:13-36
28            android:label="@string/app_name"
28-->UTN-Survivor\android\AndroidManifest.xml:17:13-45
29            android:screenOrientation="landscape" >
29-->UTN-Survivor\android\AndroidManifest.xml:18:13-50
30            <intent-filter>
30-->UTN-Survivor\android\AndroidManifest.xml:21:13-24:29
31                <action android:name="android.intent.action.MAIN" />
31-->UTN-Survivor\android\AndroidManifest.xml:22:17-69
31-->UTN-Survivor\android\AndroidManifest.xml:22:25-66
32
33                <category android:name="android.intent.category.LAUNCHER" />
33-->UTN-Survivor\android\AndroidManifest.xml:23:17-77
33-->UTN-Survivor\android\AndroidManifest.xml:23:27-74
34            </intent-filter>
35        </activity>
36    </application>
37
38</manifest>